<?xml version="1.0" encoding="UTF-8"?>
<testsuite xmlns:xsi="http://www.w3.org/2001/XMLSchema-instance" xsi:noNamespaceSchemaLocation="https://maven.apache.org/surefire/maven-surefire-plugin/xsd/surefire-test-report-3.0.xsd" version="3.0" name="com.biblioteca.BibliotecaApplicationTests" time="6.315" tests="3" errors="0" skipped="0" failures="0">
  <properties>
[...]
</properties>
  <testcase name="testTransaccionJpaRollback" classname="com.biblioteca.BibliotecaApplicationTests" time="0.873">
    <system-out><![CDATA[19:44:52.215 [main] INFO org.springframework.test.context.support.AnnotationConfigContextLoaderUtils -- Could not detect default configuration classes for test class [com.biblioteca.BibliotecaApplicationTests]: BibliotecaApplicationTests does not declare any static, non-private, non-final, nested classes annotated with @Configuration.
19:44:52.381 [main] INFO org.springframework.boot.test.context.SpringBootTestContextBootstrapper -- Found @SpringBootConfiguration com.biblioteca.BibliotecaApplication for test class com.biblioteca.BibliotecaApplicationTests

  .   ____          _            __ _ _
 /\\ / ___'_ __ _ _(_)_ __  __ _ \ \ \ \
( ( )\___ | '_ | '_| | '_ \/ _` | \ \ \ \
 \\/  ___)| |_)| | | | | || (_| |  ) ) ) )
  '  |____| .__|_| |_|_| |_\__, | / / / /
 =========|_|==============|___/=/_/_/_/
 :: Spring Boot ::                (v3.2.0)

2025-11-26T19:44:53.015-03:00  INFO 34340 --- [           main] c.biblioteca.BibliotecaApplicationTests  : Starting BibliotecaApplicationTests using Java 25 with PID 34340 (started by xtoba in G:\Mi unidad\Conocimiento\Bootcamp Java Spring Boot\Modulo 6\M6_AE3_ABP-Ejercicio individual\inventario-biblioteca)
2025-11-26T19:44:53.017-03:00  INFO 34340 --- [           main] c.biblioteca.BibliotecaApplicationTests  : No active profile set, falling back to 1 default profile: "default"
2025-11-26T19:44:53.733-03:00  INFO 34340 --- [           main] .s.d.r.c.RepositoryConfigurationDelegate : Bootstrapping Spring Data JPA repositories in DEFAULT mode.
2025-11-26T19:44:53.856-03:00  INFO 34340 --- [           main] .s.d.r.c.RepositoryConfigurationDelegate : Finished Spring Data repository scanning in 111 ms. Found 2 JPA repository interfaces.
2025-11-26T19:44:54.471-03:00  INFO 34340 --- [           main] com.zaxxer.hikari.HikariDataSource       : HikariPool-1 - Starting...
2025-11-26T19:44:54.741-03:00  INFO 34340 --- [           main] com.zaxxer.hikari.pool.HikariPool        : HikariPool-1 - Added connection conn0: url=jdbc:h2:mem:bibliotecaDB user=SA
2025-11-26T19:44:54.743-03:00  INFO 34340 --- [           main] com.zaxxer.hikari.HikariDataSource       : HikariPool-1 - Start completed.
2025-11-26T19:44:54.884-03:00  INFO 34340 --- [           main] o.hibernate.jpa.internal.util.LogHelper  : HHH000204: Processing PersistenceUnitInfo [name: default]
2025-11-26T19:44:54.982-03:00  INFO 34340 --- [           main] org.hibernate.Version                    : HHH000412: Hibernate ORM core version 6.3.1.Final
2025-11-26T19:44:55.042-03:00  INFO 34340 --- [           main] o.h.c.internal.RegionFactoryInitiator    : HHH000026: Second-level cache disabled
2025-11-26T19:44:55.490-03:00  INFO 34340 --- [           main] o.s.o.j.p.SpringPersistenceUnitInfo      : No LoadTimeWeaver setup: ignoring JPA class transformer
2025-11-26T19:44:56.839-03:00  INFO 34340 --- [           main] o.h.e.t.j.p.i.JtaPlatformInitiator       : HHH000489: No JTA platform available (set 'hibernate.transaction.jta.platform' to enable JTA platform integration)
Hibernate: 
    create table autores (
        id bigint generated by default as identity,
        nombre varchar(255),
        primary key (id)
    )
Hibernate: 
    create table libros_jpa (
        id bigint generated by default as identity,
        titulo varchar(255),
        autor_id bigint,
        primary key (id)
    )
Hibernate: 
    alter table if exists libros_jpa 
       add constraint FKhkbphbvqf26v7r4jsp0clc4o5 
       foreign key (autor_id) 
       references autores
2025-11-26T19:44:56.914-03:00  INFO 34340 --- [           main] j.LocalContainerEntityManagerFactoryBean : Initialized JPA EntityManagerFactory for persistence unit 'default'
2025-11-26T19:44:57.403-03:00  INFO 34340 --- [           main] c.biblioteca.BibliotecaApplicationTests  : Started BibliotecaApplicationTests in 4.798 seconds (process running for 5.932)
Hibernate: 
    select
        count(*) 
    from
        autores ae1_0
Hibernate: 
    insert 
    into
        autores
        (nombre, id) 
    values
        (?, default)
Autor guardado con ID: 1
Hibernate: 
    select
        count(*) 
    from
        autores ae1_0
]]></system-out>
    <system-err><![CDATA[WARNING: A Java agent has been loaded dynamically (C:\Users\xtoba\.m2\repository\net\bytebuddy\byte-buddy-agent\1.14.10\byte-buddy-agent-1.14.10.jar)
WARNING: If a serviceability tool is in use, please run with -XX:+EnableDynamicAgentLoading to hide this warning
WARNING: If a serviceability tool is not in use, please run with -Djdk.instrument.traceUsage for more information
WARNING: Dynamic loading of agents will be disallowed by default in a future release
]]></system-err>
  </testcase>
  <testcase name="testTransaccionJpaExitosa" classname="com.biblioteca.BibliotecaApplicationTests" time="0.025">
    <system-out><![CDATA[Hibernate: 
    insert 
    into
        autores
        (nombre, id) 
    values
        (?, default)
Autor guardado con ID: 2
Hibernate: 
    insert 
    into
        libros_jpa
        (autor_id, titulo, id) 
    values
        (?, ?, default)
Libro guardado exitosamente.
Hibernate: 
    select
        count(*) 
    from
        autores ae1_0
Hibernate: 
    select
        count(*) 
    from
        libros_jpa le1_0
]]></system-out>
  </testcase>
  <testcase name="testJdbcTemplate" classname="com.biblioteca.BibliotecaApplicationTests" time="0.017"/>
</testsuite>